Running: C:\Xilinx\14.7\ISE_DS\ISE\bin\nt64\unwrapped\fuse.exe -intstyle ise -incremental -lib unisims_ver -lib unimacro_ver -lib xilinxcorelib_ver -o C:/Users/Victor Espinoza/Desktop/CECS 301/Lab 2- Sequence Detector/SequenceDetector/sequence_detector_tb_isim_beh.exe -prj C:/Users/Victor Espinoza/Desktop/CECS 301/Lab 2- Sequence Detector/SequenceDetector/sequence_detector_tb_beh.prj work.sequence_detector_tb work.glbl 
ISim P.20131013 (signature 0x7708f090)
Number of CPUs detected in this system: 4
Turning on mult-threading, number of parallel sub-compilation jobs: 8 
Determining compilation order of HDL files
Analyzing Verilog file "C:/Users/Victor Espinoza/Desktop/CECS 301/Lab 2- Sequence Detector/SequenceDetector/Source Code/dff.v" into library work
Analyzing Verilog file "C:/Users/Victor Espinoza/Desktop/CECS 301/Lab 2- Sequence Detector/SequenceDetector/Source Code/sequence_detector.v" into library work
Analyzing Verilog file "C:/Users/Victor Espinoza/Desktop/CECS 301/Lab 2- Sequence Detector/SequenceDetector/Source Code/sequence_detector_tb.v" into library work
Analyzing Verilog file "C:/Xilinx/14.7/ISE_DS/ISE//verilog/src/glbl.v" into library work
Starting static elaboration
Completed static elaboration
Compiling module dff
Compiling module sequence_detector
Compiling module sequence_detector_tb
Compiling module glbl
Time Resolution for simulation is 100fs.
Waiting for 1 sub-compilation(s) to finish...
Compiled 4 Verilog Units
Built simulation executable C:/Users/Victor Espinoza/Desktop/CECS 301/Lab 2- Sequence Detector/SequenceDetector/sequence_detector_tb_isim_beh.exe
Fuse Memory Usage: 30484 KB
Fuse CPU Usage: 654 ms
